This is pdfTeX, Version 3.141592-1.40.4 (MiKTeX 2.7) (preloaded format=pdflatex 2009.10.20)  5 MAR 2010 17:40
entering extended mode
**\nonstopmode\input icfp10.tex
(icfp10.tex (c:\texmf\tex\latex\base\article.cls
Document Class: article 2005/09/16 v1.4f Standard LaTeX document class
(c:\texmf\tex\latex\base\size10.clo
File: size10.clo 2005/09/16 v1.4f Standard LaTeX file (size option)
)
\c@part=\count79
\c@section=\count80
\c@subsection=\count81
\c@subsubsection=\count82
\c@paragraph=\count83
\c@subparagraph=\count84
\c@figure=\count85
\c@table=\count86
\abovecaptionskip=\skip41
\belowcaptionskip=\skip42
\bibindent=\dimen102
) (mathpartir.sty
Package: mathpartir 2005/12/20 version 1.2.0 Math Paragraph for Typesetting Inf
erence Rules

(c:\texmf\tex\latex\graphics\keyval.sty
Package: keyval 1999/03/16 v1.13 key=value parser (DPC)
\KV@toks@=\toks14
)
\mpr@andskip=\skip43
\mpr@lista=\toks15
\mpr@listb=\toks16
\mpr@hlist=\box26
\mpr@vlist=\box27
\mpr@right=\box28
)
(c:\texmf\tex\latex\amsmath\amsmath.sty
Package: amsmath 2000/07/18 v2.13 AMS math features
\@mathmargin=\skip44

For additional information on amsmath, use the `?' option.
(c:\texmf\tex\latex\amsmath\amstext.sty
Package: amstext 2000/06/29 v2.01
 (c:\texmf\tex\latex\amsmath\amsgen.sty
File: amsgen.sty 1999/11/30 v2.0
\@emptytoks=\toks17
\ex@=\dimen103
)) (c:\texmf\tex\latex\amsmath\amsbsy.sty
Package: amsbsy 1999/11/29 v1.2d
\pmbraise@=\dimen104
)
(c:\texmf\tex\latex\amsmath\amsopn.sty
Package: amsopn 1999/12/14 v2.01 operator names
)
\inf@bad=\count87
LaTeX Info: Redefining \frac on input line 211.
\uproot@=\count88
\leftroot@=\count89
LaTeX Info: Redefining \overline on input line 307.
\classnum@=\count90
\DOTSCASE@=\count91
LaTeX Info: Redefining \ldots on input line 379.
LaTeX Info: Redefining \dots on input line 382.
LaTeX Info: Redefining \cdots on input line 467.
\Mathstrutbox@=\box29
\strutbox@=\box30
\big@size=\dimen105
LaTeX Font Info:    Redeclaring font encoding OML on input line 567.
LaTeX Font Info:    Redeclaring font encoding OMS on input line 568.
\macc@depth=\count92
\c@MaxMatrixCols=\count93
\dotsspace@=\muskip10
\c@parentequation=\count94
\dspbrk@lvl=\count95
\tag@help=\toks18
\row@=\count96
\column@=\count97
\maxfields@=\count98
\andhelp@=\toks19
\eqnshift@=\dimen106
\alignsep@=\dimen107
\tagshift@=\dimen108
\tagwidth@=\dimen109
\totwidth@=\dimen110
\lineht@=\dimen111
\@envbody=\toks20
\multlinegap=\skip45
\multlinetaggap=\skip46
\mathdisplay@stack=\toks21
LaTeX Info: Redefining \[ on input line 2666.
LaTeX Info: Redefining \] on input line 2667.
)
(c:\texmf\tex\latex\amsfonts\amssymb.sty
Package: amssymb 2002/01/22 v2.2d

(c:\texmf\tex\latex\amsfonts\amsfonts.sty
Package: amsfonts 2001/10/25 v2.2f
\symAMSa=\mathgroup4
\symAMSb=\mathgroup5
LaTeX Font Info:    Overwriting math alphabet `\mathfrak' in version `bold'
(Font)                  U/euf/m/n --> U/euf/b/n on input line 132.
)) (defs.tex
\c@prop=\count99
\c@lemma=\count100
\c@theorem=\count101
\c@prooflinenum=\count102
\c@spec:linenum=\count103
) (icfp10.aux)
LaTeX Font Info:    Checking defaults for OML/cmm/m/it on input line 12.
LaTeX Font Info:    ... okay on input line 12.
LaTeX Font Info:    Checking defaults for T1/cmr/m/n on input line 12.
LaTeX Font Info:    ... okay on input line 12.
LaTeX Font Info:    Checking defaults for OT1/cmr/m/n on input line 12.
LaTeX Font Info:    ... okay on input line 12.
LaTeX Font Info:    Checking defaults for OMS/cmsy/m/n on input line 12.
LaTeX Font Info:    ... okay on input line 12.
LaTeX Font Info:    Checking defaults for OMX/cmex/m/n on input line 12.
LaTeX Font Info:    ... okay on input line 12.
LaTeX Font Info:    Checking defaults for U/cmr/m/n on input line 12.
LaTeX Font Info:    ... okay on input line 12.
LaTeX Font Info:    Try loading font information for U+msa on input line 37.

(c:\texmf\tex\latex\amsfonts\umsa.fd
File: umsa.fd 2002/01/19 v2.2g AMS font definitions
)
LaTeX Font Info:    Try loading font information for U+msb on input line 37.
 (c:\texmf\tex\latex\amsfonts\umsb.fd
File: umsb.fd 2002/01/19 v2.2g AMS font definitions
)
Overfull \hbox (36.5729pt too wide) in paragraph at lines 57--63
\OT1/cmr/m/n/10 uct of the two un-der-ly-ing sets, with a dis-tance be-tween tw
o points $\OML/cmm/m/it/10 d[]\OT1/cmr/m/n/10 ((\OML/cmm/m/it/10 x; y\OT1/cmr/m
/n/10 )\OML/cmm/m/it/10 ; \OT1/cmr/m/n/10 (\OML/cmm/m/it/10 x[]; y[]\OT1/cmr/m/
n/10 )) =
 []


Overfull \hbox (29.14793pt too wide) in paragraph at lines 57--63
\OT1/cmr/m/n/10 der-ly-ing sets, to-gether with the ``sup-metric'': $\OML/cmm/m
/it/10 d[]\OT1/cmr/m/n/10 (\OML/cmm/m/it/10 f; g\OT1/cmr/m/n/10 ) = []\OMS/cmsy
/m/n/10 f[]g$\OT1/cmr/m/n/10 . 
 []


Overfull \hbox (12.94998pt too wide) in paragraph at lines 64--66
[]\OT1/cmr/m/n/10 We can em-bed any set $\OML/cmm/m/it/10 X$ \OT1/cmr/m/n/10 in
to this cat-e-gory with the triv-ial met-ric $\OML/cmm/m/it/10 d[]\OT1/cmr/m/n/
10 (\OML/cmm/m/it/10 x; x[]\OT1/cmr/m/n/10 ) =
 []

[1

{C:/ProgramData/MiKTeX/2.7/pdftex/config/pdftex.map}]
Overfull \hbox (3.48698pt too wide) in paragraph at lines 83--86
[]\OT1/cmr/m/it/10 (Causality and Non-ex-pan-sive-ness Co-in-cide) For any $\OM
L/cmm/m/it/10 f \OT1/cmr/m/n/10 : \OML/cmm/m/it/10 S\OT1/cmr/m/n/10 (\OML/cmm/m
/it/10 A\OT1/cmr/m/n/10 ) \OMS/cmsy/m/n/10 !
 []

[2] [3] [4] [5] [6]
Overfull \hbox (101.90262pt too wide) in paragraph at lines 406--409
[]\OT1/cmr/m/it/10 (Eval) De-fine $[] \OT1/cmr/m/n/10 = \OML/cmm/m/it/10  [] :
 f\OT1/cmr/m/n/10 (\OML/cmm/m/it/10 x\OT1/cmr/m/n/10 )$\OT1/cmr/m/it/10 . Then 
we have that $\OML/cmm/m/it/10 R[]\OT1/cmr/m/n/10 (\OML/cmm/m/it/10 ; ; \OMS/
cmsy/m/n/10 ;\OML/cmm/m/it/10 ; []; []\OT1/cmr/m/n/10 )$\OT1/cmr/m/it/10 . 
 []

[7] (icfp10.aux) ) 
Here is how much of TeX's memory you used:
 1537 strings out of 95340
 15352 string characters out of 1184800
 67096 words of memory out of 1500000
 4756 multiletter control sequences out of 110000
 8806 words of font info for 33 fonts, out of 1200000 for 2000
 14 hyphenation exceptions out of 8191
 27i,11n,24p,251b,182s stack positions out of 5000i,500n,10000p,200000b,5000s
<c:/texmf/fonts/type1/bluesky/cm/cmbx10.pfb><c:/texmf/fonts/t
ype1/bluesky/cm/cmbx12.pfb><c:/texmf/fonts/type1/bluesky/cm/cmmi10.pfb><c:/texm
f/fonts/type1/bluesky/cm/cmmi7.pfb><c:/texmf/fonts/type1/bluesky/cm/cmr10.pfb><
c:/texmf/fonts/type1/bluesky/cm/cmr5.pfb><c:/texmf/fonts/type1/bluesky/cm/cmr7.
pfb><c:/texmf/fonts/type1/bluesky/cm/cmss10.pfb><c:/texmf/fonts/type1/bluesky/c
m/cmss8.pfb><c:/texmf/fonts/type1/bluesky/cm/cmsy10.pfb><c:/texmf/fonts/type1/b
luesky/cm/cmsy5.pfb><c:/texmf/fonts/type1/bluesky/cm/cmsy7.pfb><c:/texmf/fonts/
type1/bluesky/cm/cmti10.pfb><c:/texmf/fonts/type1/bluesky/ams/msam10.pfb><c:/te
xmf/fonts/type1/bluesky/ams/msam7.pfb><c:/texmf/fonts/type1/bluesky/ams/msbm10.
pfb>
Output written on icfp10.pdf (7 pages, 118384 bytes).
PDF statistics:
 90 PDF objects out of 1000 (max. 8388607)
 0 named destinations out of 1000 (max. 131072)
 1 words of extra memory for PDF output out of 10000 (max. 10000000)

